<?xml version="1.0" encoding="UTF-8"?>
<robot generator="Robot 5.0.1 (Python 3.10.7 on win32)" generated="20221012 12:56:13.953" rpa="false" schemaversion="3">
<suite id="s1" name="Verify Invalid Credential Suite" source="c:\Users\edevgay\Desktop\RobotTraining\openemr_framework\login_suite\verify_invalid_credential_suite.robot">
<test id="s1-t1" name="TC1" line="12">
<kw name="Launch Browser And Navigate To OpenEMR" library="CommonFunctionality" type="SETUP">
<kw name="Open Browser" library="SeleniumLibrary">
<arg>browser=chrome</arg>
<arg>executable_path=C:${/}Users${/}edevgay${/}chromedriver.exe</arg>
<doc>Opens a new browser instance to the optional ``url``.</doc>
<msg timestamp="20221012 12:56:14.388" level="INFO">Opening browser 'chrome' to base url 'None'.</msg>
<status status="PASS" starttime="20221012 12:56:14.387" endtime="20221012 12:56:16.598"/>
</kw>
<kw name="Maximize Browser Window" library="SeleniumLibrary">
<doc>Maximizes current browser window.</doc>
<status status="PASS" starttime="20221012 12:56:16.598" endtime="20221012 12:56:16.720"/>
</kw>
<kw name="Set Selenium Implicit Wait" library="SeleniumLibrary">
<arg>20s</arg>
<doc>Sets the implicit wait value used by Selenium.</doc>
<status status="PASS" starttime="20221012 12:56:16.720" endtime="20221012 12:56:16.722"/>
</kw>
<kw name="Go To" library="SeleniumLibrary">
<arg>https://demo.openemr.io/b/openemr</arg>
<doc>Navigates the current browser window to the provided ``url``.</doc>
<msg timestamp="20221012 12:56:16.722" level="INFO">Opening url 'https://demo.openemr.io/b/openemr'</msg>
<status status="PASS" starttime="20221012 12:56:16.722" endtime="20221012 12:56:19.591"/>
</kw>
<status status="PASS" starttime="20221012 12:56:14.386" endtime="20221012 12:56:19.592"/>
</kw>
<kw name="Verify Invalid Credential Template">
<arg>john</arg>
<arg>john123</arg>
<arg>English (Indian)</arg>
<arg>Invalid username or password</arg>
<kw name="Input Text" library="SeleniumLibrary">
<arg>id=authUser</arg>
<arg>${username}</arg>
<doc>Types the given ``text`` into the text field identified by ``locator``.</doc>
<msg timestamp="20221012 12:56:19.594" level="INFO">Typing text 'john' into text field 'id=authUser'.</msg>
<status status="PASS" starttime="20221012 12:56:19.593" endtime="20221012 12:56:19.712"/>
</kw>
<kw name="Input Password" library="SeleniumLibrary">
<arg>id=clearPass</arg>
<arg>${password}</arg>
<doc>Types the given password into the text field identified by ``locator``.</doc>
<msg timestamp="20221012 12:56:19.713" level="INFO">Typing password into text field 'id=clearPass'.</msg>
<msg timestamp="20221012 12:56:19.758" level="INFO">Temporally setting log level to: NONE</msg>
<msg timestamp="20221012 12:56:19.815" level="INFO">Log level changed from NONE to INFO.</msg>
<status status="PASS" starttime="20221012 12:56:19.712" endtime="20221012 12:56:19.815"/>
</kw>
<kw name="Select From List By Label" library="SeleniumLibrary">
<arg>name=languageChoice</arg>
<arg>${language}</arg>
<doc>Selects options from selection list ``locator`` by ``labels``.</doc>
<msg timestamp="20221012 12:56:19.816" level="INFO">Selecting options from selection list 'name=languageChoice' by label English (Indian).</msg>
<status status="PASS" starttime="20221012 12:56:19.815" endtime="20221012 12:56:19.908"/>
</kw>
<kw name="Click Button" library="SeleniumLibrary">
<arg>id=login-button</arg>
<doc>Clicks the button identified by ``locator``.</doc>
<msg timestamp="20221012 12:56:19.909" level="INFO">Clicking button 'id=login-button'.</msg>
<status status="PASS" starttime="20221012 12:56:19.909" endtime="20221012 12:56:21.256"/>
</kw>
<kw name="Set Selenium Implicit Wait" library="SeleniumLibrary">
<arg>5s</arg>
<doc>Sets the implicit wait value used by Selenium.</doc>
<status status="PASS" starttime="20221012 12:56:21.257" endtime="20221012 12:56:21.260"/>
</kw>
<kw name="Element Should Contain" library="SeleniumLibrary">
<arg>//div[contains(text(),'Invalid')]</arg>
<arg>${expected_title}</arg>
<doc>Verifies that element ``locator`` contains text ``expected``.</doc>
<msg timestamp="20221012 12:56:21.297" level="INFO">Element '//div[contains(text(),'Invalid')]' contains text 'Invalid username or password'.</msg>
<status status="PASS" starttime="20221012 12:56:21.261" endtime="20221012 12:56:21.298"/>
</kw>
<status status="PASS" starttime="20221012 12:56:19.593" endtime="20221012 12:56:21.300"/>
</kw>
<kw name="Close Browser" library="SeleniumLibrary" type="TEARDOWN">
<doc>Closes the current browser.</doc>
<status status="PASS" starttime="20221012 12:56:21.307" endtime="20221012 12:56:23.534"/>
</kw>
<status status="PASS" starttime="20221012 12:56:14.385" endtime="20221012 12:56:23.537"/>
</test>
<doc>This suite file handles testcases related to valid credentials</doc>
<status status="PASS" starttime="20221012 12:56:13.962" endtime="20221012 12:56:23.541"/>
</suite>
<statistics>
<total>
<stat pass="1" fail="0" skip="0">All Tests</stat>
</total>
<tag>
</tag>
<suite>
<stat pass="1" fail="0" skip="0" id="s1" name="Verify Invalid Credential Suite">Verify Invalid Credential Suite</stat>
</suite>
</statistics>
<errors>
</errors>
</robot>
